<?xml version="1.0" ?>
<coverage version="7.9.2" timestamp="1751616803675" lines-valid="0" lines-covered="0" line-rate="1" branches-covered="0" branches-valid="0" branch-rate="0" complexity="0">
	<!-- Generated by coverage.py: https://coverage.readthedocs.io/en/7.9.2 -->
	<!-- Based on https://raw.githubusercontent.com/cobertura/web/master/htdocs/xml/coverage-04.dtd -->
	<sources>
		<source>C:\Users\utente\Desktop\CARRIER\NE\solartracker\src</source>
	</sources>
	<packages>
		<package name="solartracker" line-rate="1" branch-rate="0" complexity="0">
			<classes>
				<class name="__init__.py" filename="solartracker/__init__.py" complexity="0" line-rate="1" branch-rate="0">
					<methods/>
					<lines/>
				</class>
				<class name="main.py" filename="solartracker/main.py" complexity="0" line-rate="1" branch-rate="0">
					<methods/>
					<lines/>
				</class>
			</classes>
		</package>
	</packages>
</coverage>
